[debug] [2023-06-25T22:22:43.408Z] ----------------------------------------------------------------------
[debug] [2023-06-25T22:22:43.410Z] Command:       C:\Program Files\nodejs\node.exe C:\Users\tomas\AppData\Roaming\npm\node_modules\firebase-tools\lib\bin\firebase.js deploy
[debug] [2023-06-25T22:22:43.410Z] CLI Version:   12.4.0
[debug] [2023-06-25T22:22:43.411Z] Platform:      win32
[debug] [2023-06-25T22:22:43.411Z] Node Version:  v18.16.0
[debug] [2023-06-25T22:22:43.412Z] Time:          Mon Jun 26 2023 00:22:43 GMT+0200 (czas środkowoeuropejski letni)
[debug] [2023-06-25T22:22:43.412Z] ----------------------------------------------------------------------
[debug] 
[debug] [2023-06-25T22:22:43.500Z] > command requires scopes: ["email","openid","https://www.googleapis.com/auth/cloudplatformprojects.readonly","https://www.googleapis.com/auth/firebase","https://www.googleapis.com/auth/cloud-platform"]
[debug] [2023-06-25T22:22:43.500Z] > authorizing via signed-in user (szybko872@gmail.com)
[debug] [2023-06-25T22:22:43.501Z] [iam] checking project coffeshopserver for permissions ["cloudfunctions.functions.create","cloudfunctions.functions.delete","cloudfunctions.functions.get","cloudfunctions.functions.list","cloudfunctions.functions.update","cloudfunctions.operations.get","firebase.projects.get"]
[debug] [2023-06-25T22:22:43.503Z] >>> [apiv2][query] POST https://cloudresourcemanager.googleapis.com/v1/projects/coffeshopserver:testIamPermissions [none]
[debug] [2023-06-25T22:22:43.503Z] >>> [apiv2][(partial)header] POST https://cloudresourcemanager.googleapis.com/v1/projects/coffeshopserver:testIamPermissions x-goog-quota-user=projects/coffeshopserver
[debug] [2023-06-25T22:22:43.504Z] >>> [apiv2][body] POST https://cloudresourcemanager.googleapis.com/v1/projects/coffeshopserver:testIamPermissions {"permissions":["cloudfunctions.functions.create","cloudfunctions.functions.delete","cloudfunctions.functions.get","cloudfunctions.functions.list","cloudfunctions.functions.update","cloudfunctions.operations.get","firebase.projects.get"]}
[debug] [2023-06-25T22:22:44.359Z] <<< [apiv2][status] POST https://cloudresourcemanager.googleapis.com/v1/projects/coffeshopserver:testIamPermissions 200
[debug] [2023-06-25T22:22:44.360Z] <<< [apiv2][body] POST https://cloudresourcemanager.googleapis.com/v1/projects/coffeshopserver:testIamPermissions {"permissions":["cloudfunctions.functions.create","cloudfunctions.functions.delete","cloudfunctions.functions.get","cloudfunctions.functions.list","cloudfunctions.functions.update","cloudfunctions.operations.get","firebase.projects.get"]}
[debug] [2023-06-25T22:22:44.361Z] >>> [apiv2][query] POST https://iam.googleapis.com/v1/projects/coffeshopserver/serviceAccounts/coffeshopserver@appspot.gserviceaccount.com:testIamPermissions [none]
[debug] [2023-06-25T22:22:44.361Z] >>> [apiv2][body] POST https://iam.googleapis.com/v1/projects/coffeshopserver/serviceAccounts/coffeshopserver@appspot.gserviceaccount.com:testIamPermissions {"permissions":["iam.serviceAccounts.actAs"]}
[debug] [2023-06-25T22:22:45.090Z] <<< [apiv2][status] POST https://iam.googleapis.com/v1/projects/coffeshopserver/serviceAccounts/coffeshopserver@appspot.gserviceaccount.com:testIamPermissions 200
[debug] [2023-06-25T22:22:45.090Z] <<< [apiv2][body] POST https://iam.googleapis.com/v1/projects/coffeshopserver/serviceAccounts/coffeshopserver@appspot.gserviceaccount.com:testIamPermissions {"permissions":["iam.serviceAccounts.actAs"]}
[info] 
[info] === Deploying to 'coffeshopserver'...
[info] 
[info] i  deploying functions 
[debug] [2023-06-25T22:22:45.094Z] >>> [apiv2][query] GET https://firebase.googleapis.com/v1beta1/projects/coffeshopserver [none]
[debug] [2023-06-25T22:22:45.404Z] <<< [apiv2][status] GET https://firebase.googleapis.com/v1beta1/projects/coffeshopserver 200
[debug] [2023-06-25T22:22:45.404Z] <<< [apiv2][body] GET https://firebase.googleapis.com/v1beta1/projects/coffeshopserver {"projectId":"coffeshopserver","projectNumber":"620954325640","displayName":"coffeShopServer","name":"projects/coffeshopserver","resources":{"hostingSite":"coffeshopserver"},"state":"ACTIVE","etag":"1_80ae0e2e-8403-4841-8e89-69510cfbee2d"}
[info] i  functions: preparing codebase default for deployment 
[info] i  functions: ensuring required API cloudfunctions.googleapis.com is enabled... 
[info] i  functions: ensuring required API cloudbuild.googleapis.com is enabled... 
[info] i  artifactregistry: ensuring required API artifactregistry.googleapis.com is enabled... 
[debug] [2023-06-25T22:22:45.408Z] >>> [apiv2][query] GET https://serviceusage.googleapis.com/v1/projects/coffeshopserver/services/cloudfunctions.googleapis.com [none]
[debug] [2023-06-25T22:22:45.408Z] >>> [apiv2][(partial)header] GET https://serviceusage.googleapis.com/v1/projects/coffeshopserver/services/cloudfunctions.googleapis.com x-goog-quota-user=projects/coffeshopserver
[debug] [2023-06-25T22:22:45.409Z] >>> [apiv2][query] GET https://serviceusage.googleapis.com/v1/projects/coffeshopserver/services/runtimeconfig.googleapis.com [none]
[debug] [2023-06-25T22:22:45.409Z] >>> [apiv2][(partial)header] GET https://serviceusage.googleapis.com/v1/projects/coffeshopserver/services/runtimeconfig.googleapis.com x-goog-quota-user=projects/coffeshopserver
[debug] [2023-06-25T22:22:45.411Z] >>> [apiv2][query] GET https://serviceusage.googleapis.com/v1/projects/coffeshopserver/services/cloudbuild.googleapis.com [none]
[debug] [2023-06-25T22:22:45.411Z] >>> [apiv2][(partial)header] GET https://serviceusage.googleapis.com/v1/projects/coffeshopserver/services/cloudbuild.googleapis.com x-goog-quota-user=projects/coffeshopserver
[debug] [2023-06-25T22:22:45.412Z] >>> [apiv2][query] GET https://serviceusage.googleapis.com/v1/projects/coffeshopserver/services/artifactregistry.googleapis.com [none]
[debug] [2023-06-25T22:22:45.412Z] >>> [apiv2][(partial)header] GET https://serviceusage.googleapis.com/v1/projects/coffeshopserver/services/artifactregistry.googleapis.com x-goog-quota-user=projects/coffeshopserver
[debug] [2023-06-25T22:22:46.345Z] <<< [apiv2][status] GET https://serviceusage.googleapis.com/v1/projects/coffeshopserver/services/runtimeconfig.googleapis.com 200
[debug] [2023-06-25T22:22:46.345Z] <<< [apiv2][body] GET https://serviceusage.googleapis.com/v1/projects/coffeshopserver/services/runtimeconfig.googleapis.com [omitted]
[debug] [2023-06-25T22:22:46.349Z] <<< [apiv2][status] GET https://serviceusage.googleapis.com/v1/projects/coffeshopserver/services/cloudfunctions.googleapis.com 200
[debug] [2023-06-25T22:22:46.349Z] <<< [apiv2][body] GET https://serviceusage.googleapis.com/v1/projects/coffeshopserver/services/cloudfunctions.googleapis.com [omitted]
[info] +  functions: required API cloudfunctions.googleapis.com is enabled 
[debug] [2023-06-25T22:22:46.350Z] <<< [apiv2][status] GET https://serviceusage.googleapis.com/v1/projects/coffeshopserver/services/cloudbuild.googleapis.com 200
[debug] [2023-06-25T22:22:46.350Z] <<< [apiv2][body] GET https://serviceusage.googleapis.com/v1/projects/coffeshopserver/services/cloudbuild.googleapis.com [omitted]
[info] +  functions: required API cloudbuild.googleapis.com is enabled 
[debug] [2023-06-25T22:22:46.367Z] <<< [apiv2][status] GET https://serviceusage.googleapis.com/v1/projects/coffeshopserver/services/artifactregistry.googleapis.com 200
[debug] [2023-06-25T22:22:46.368Z] <<< [apiv2][body] GET https://serviceusage.googleapis.com/v1/projects/coffeshopserver/services/artifactregistry.googleapis.com [omitted]
[info] +  artifactregistry: required API artifactregistry.googleapis.com is enabled 
[debug] [2023-06-25T22:22:46.368Z] >>> [apiv2][query] GET https://firebase.googleapis.com/v1beta1/projects/coffeshopserver/adminSdkConfig [none]
[debug] [2023-06-25T22:22:47.032Z] <<< [apiv2][status] GET https://firebase.googleapis.com/v1beta1/projects/coffeshopserver/adminSdkConfig 200
[debug] [2023-06-25T22:22:47.032Z] <<< [apiv2][body] GET https://firebase.googleapis.com/v1beta1/projects/coffeshopserver/adminSdkConfig {"projectId":"coffeshopserver","storageBucket":"coffeshopserver.appspot.com"}
[debug] [2023-06-25T22:22:47.033Z] >>> [apiv2][query] GET https://runtimeconfig.googleapis.com/v1beta1/projects/coffeshopserver/configs [none]
[debug] [2023-06-25T22:22:47.343Z] <<< [apiv2][status] GET https://runtimeconfig.googleapis.com/v1beta1/projects/coffeshopserver/configs 200
[debug] [2023-06-25T22:22:47.344Z] <<< [apiv2][body] GET https://runtimeconfig.googleapis.com/v1beta1/projects/coffeshopserver/configs {}
[debug] [2023-06-25T22:22:47.345Z] Validating nodejs source
[debug] [2023-06-25T22:22:49.007Z] > [functions] package.json contents: {
  "name": "warehouse",
  "version": "1.0.0",
  "description": "store away data",
  "main": "server.js",
  "dependencies": {
    "bcrypt": "^5.1.0",
    "body-parser": "^1.20.2",
    "colors": "^1.4.0",
    "cors": "^2.8.5",
    "dotenv": "^16.0.3",
    "express": "^4.18.2",
    "express-async-handler": "^1.2.0",
    "express-validator": "^6.14.3",
    "firebase-admin": "^11.9.0",
    "firebase-functions": "^4.4.1",
    "micro": "^10.0.1",
    "mongoose": "^6.8.4",
    "mongoose-bcrypt": "^1.10.1",
    "nanoid": "^4.0.1",
    "nodemon": "^2.0.20",
    "raw-body": "^2.5.2",
    "stripe": "^11.15.0",
    "uuid": "^9.0.0"
  },
  "engines": {
    "node": "18"
  },
  "scripts": {
    "start": "node backend/server.js",
    "server": "nodemon backend/server.js",
    "deploy": "firebase deploy --only functions"
  },
  "author": "",
  "license": "ISC"
}
[debug] [2023-06-25T22:22:49.008Z] Building nodejs source
[debug] [2023-06-25T22:22:49.009Z] Could not find functions.yaml. Must use http discovery
[debug] [2023-06-25T22:22:49.017Z] Found firebase-functions binary at 'D:\Projekty\React Projects\coffee-shop\server\node_modules\.bin\firebase-functions'
[debug] [2023-06-25T22:22:49.277Z] Serving at port 8215

[debug] [2023-06-25T22:22:50.281Z] FetchError: request to http://localhost:8215/__/quitquitquit failed, reason: connect ECONNREFUSED ::1:8215
    at ClientRequest.<anonymous> (C:\Users\tomas\AppData\Roaming\npm\node_modules\firebase-tools\node_modules\node-fetch\lib\index.js:1505:11)
    at ClientRequest.emit (node:events:513:28)
    at ClientRequest.emit (node:domain:489:12)
    at Socket.socketErrorListener (node:_http_client:502:9)
    at Socket.emit (node:events:513:28)
    at Socket.emit (node:domain:489:12)
    at emitErrorNT (node:internal/streams/destroy:151:8)
    at emitErrorCloseNT (node:internal/streams/destroy:116:3)
    at process.processTicksAndRejections (node:internal/process/task_queues:82:21)
[error] 
[error] Error: An unexpected error has occurred.
[debug] [2023-06-27T11:15:16.452Z] ----------------------------------------------------------------------
[debug] [2023-06-27T11:15:16.455Z] Command:       C:\Program Files\nodejs\node.exe C:\Users\tomas\AppData\Roaming\npm\node_modules\firebase-tools\lib\bin\firebase.js deploy
[debug] [2023-06-27T11:15:16.455Z] CLI Version:   12.4.0
[debug] [2023-06-27T11:15:16.456Z] Platform:      win32
[debug] [2023-06-27T11:15:16.456Z] Node Version:  v18.16.0
[debug] [2023-06-27T11:15:16.457Z] Time:          Tue Jun 27 2023 13:15:16 GMT+0200 (czas środkowoeuropejski letni)
[debug] [2023-06-27T11:15:16.457Z] ----------------------------------------------------------------------
[debug] 
[debug] [2023-06-27T11:15:16.462Z] >>> [apiv2][query] GET https://firebase-public.firebaseio.com/cli.json [none]
[debug] [2023-06-27T11:15:16.670Z] > command requires scopes: ["email","openid","https://www.googleapis.com/auth/cloudplatformprojects.readonly","https://www.googleapis.com/auth/firebase","https://www.googleapis.com/auth/cloud-platform"]
[debug] [2023-06-27T11:15:16.670Z] > authorizing via signed-in user (szybko872@gmail.com)
[debug] [2023-06-27T11:15:16.671Z] [iam] checking project coffeshopserver for permissions ["cloudfunctions.functions.create","cloudfunctions.functions.delete","cloudfunctions.functions.get","cloudfunctions.functions.list","cloudfunctions.functions.update","cloudfunctions.operations.get","firebase.projects.get"]
[debug] [2023-06-27T11:15:16.672Z] > refreshing access token with scopes: []
[debug] [2023-06-27T11:15:16.674Z] >>> [apiv2][query] POST https://www.googleapis.com/oauth2/v3/token [none]
[debug] [2023-06-27T11:15:16.675Z] >>> [apiv2][body] POST https://www.googleapis.com/oauth2/v3/token [omitted]
[debug] [2023-06-27T11:15:16.822Z] <<< [apiv2][status] POST https://www.googleapis.com/oauth2/v3/token 200
[debug] [2023-06-27T11:15:16.823Z] <<< [apiv2][body] POST https://www.googleapis.com/oauth2/v3/token [omitted]
[debug] [2023-06-27T11:15:16.832Z] >>> [apiv2][query] POST https://cloudresourcemanager.googleapis.com/v1/projects/coffeshopserver:testIamPermissions [none]
[debug] [2023-06-27T11:15:16.833Z] >>> [apiv2][(partial)header] POST https://cloudresourcemanager.googleapis.com/v1/projects/coffeshopserver:testIamPermissions x-goog-quota-user=projects/coffeshopserver
[debug] [2023-06-27T11:15:16.833Z] >>> [apiv2][body] POST https://cloudresourcemanager.googleapis.com/v1/projects/coffeshopserver:testIamPermissions {"permissions":["cloudfunctions.functions.create","cloudfunctions.functions.delete","cloudfunctions.functions.get","cloudfunctions.functions.list","cloudfunctions.functions.update","cloudfunctions.operations.get","firebase.projects.get"]}
[debug] [2023-06-27T11:15:16.999Z] <<< [apiv2][status] GET https://firebase-public.firebaseio.com/cli.json 200
[debug] [2023-06-27T11:15:16.999Z] <<< [apiv2][body] GET https://firebase-public.firebaseio.com/cli.json {"cloudBuildErrorAfter":1594252800000,"cloudBuildWarnAfter":1590019200000,"defaultNode10After":1594252800000,"minVersion":"3.0.5","node8DeploysDisabledAfter":1613390400000,"node8RuntimeDisabledAfter":1615809600000,"node8WarnAfter":1600128000000}
[debug] [2023-06-27T11:15:17.636Z] <<< [apiv2][status] POST https://cloudresourcemanager.googleapis.com/v1/projects/coffeshopserver:testIamPermissions 200
[debug] [2023-06-27T11:15:17.636Z] <<< [apiv2][body] POST https://cloudresourcemanager.googleapis.com/v1/projects/coffeshopserver:testIamPermissions {"permissions":["cloudfunctions.functions.create","cloudfunctions.functions.delete","cloudfunctions.functions.get","cloudfunctions.functions.list","cloudfunctions.functions.update","cloudfunctions.operations.get","firebase.projects.get"]}
[debug] [2023-06-27T11:15:17.637Z] >>> [apiv2][query] POST https://iam.googleapis.com/v1/projects/coffeshopserver/serviceAccounts/coffeshopserver@appspot.gserviceaccount.com:testIamPermissions [none]
[debug] [2023-06-27T11:15:17.637Z] >>> [apiv2][body] POST https://iam.googleapis.com/v1/projects/coffeshopserver/serviceAccounts/coffeshopserver@appspot.gserviceaccount.com:testIamPermissions {"permissions":["iam.serviceAccounts.actAs"]}
[debug] [2023-06-27T11:15:18.381Z] <<< [apiv2][status] POST https://iam.googleapis.com/v1/projects/coffeshopserver/serviceAccounts/coffeshopserver@appspot.gserviceaccount.com:testIamPermissions 200
[debug] [2023-06-27T11:15:18.381Z] <<< [apiv2][body] POST https://iam.googleapis.com/v1/projects/coffeshopserver/serviceAccounts/coffeshopserver@appspot.gserviceaccount.com:testIamPermissions {"permissions":["iam.serviceAccounts.actAs"]}
[info] 
[info] === Deploying to 'coffeshopserver'...
[info] 
[info] i  deploying functions 
[debug] [2023-06-27T11:15:18.386Z] >>> [apiv2][query] GET https://firebase.googleapis.com/v1beta1/projects/coffeshopserver [none]
[debug] [2023-06-27T11:15:18.788Z] <<< [apiv2][status] GET https://firebase.googleapis.com/v1beta1/projects/coffeshopserver 200
[debug] [2023-06-27T11:15:18.788Z] <<< [apiv2][body] GET https://firebase.googleapis.com/v1beta1/projects/coffeshopserver {"projectId":"coffeshopserver","projectNumber":"620954325640","displayName":"coffeShopServer","name":"projects/coffeshopserver","resources":{"hostingSite":"coffeshopserver"},"state":"ACTIVE","etag":"1_80ae0e2e-8403-4841-8e89-69510cfbee2d"}
[info] i  functions: preparing codebase default for deployment 
[info] i  functions: ensuring required API cloudfunctions.googleapis.com is enabled... 
[info] i  functions: ensuring required API cloudbuild.googleapis.com is enabled... 
[info] i  artifactregistry: ensuring required API artifactregistry.googleapis.com is enabled... 
[debug] [2023-06-27T11:15:18.791Z] >>> [apiv2][query] GET https://serviceusage.googleapis.com/v1/projects/coffeshopserver/services/cloudfunctions.googleapis.com [none]
[debug] [2023-06-27T11:15:18.792Z] >>> [apiv2][(partial)header] GET https://serviceusage.googleapis.com/v1/projects/coffeshopserver/services/cloudfunctions.googleapis.com x-goog-quota-user=projects/coffeshopserver
[debug] [2023-06-27T11:15:18.793Z] >>> [apiv2][query] GET https://serviceusage.googleapis.com/v1/projects/coffeshopserver/services/runtimeconfig.googleapis.com [none]
[debug] [2023-06-27T11:15:18.793Z] >>> [apiv2][(partial)header] GET https://serviceusage.googleapis.com/v1/projects/coffeshopserver/services/runtimeconfig.googleapis.com x-goog-quota-user=projects/coffeshopserver
[debug] [2023-06-27T11:15:18.794Z] >>> [apiv2][query] GET https://serviceusage.googleapis.com/v1/projects/coffeshopserver/services/cloudbuild.googleapis.com [none]
[debug] [2023-06-27T11:15:18.795Z] >>> [apiv2][(partial)header] GET https://serviceusage.googleapis.com/v1/projects/coffeshopserver/services/cloudbuild.googleapis.com x-goog-quota-user=projects/coffeshopserver
[debug] [2023-06-27T11:15:18.796Z] >>> [apiv2][query] GET https://serviceusage.googleapis.com/v1/projects/coffeshopserver/services/artifactregistry.googleapis.com [none]
[debug] [2023-06-27T11:15:18.796Z] >>> [apiv2][(partial)header] GET https://serviceusage.googleapis.com/v1/projects/coffeshopserver/services/artifactregistry.googleapis.com x-goog-quota-user=projects/coffeshopserver
[debug] [2023-06-27T11:15:19.742Z] <<< [apiv2][status] GET https://serviceusage.googleapis.com/v1/projects/coffeshopserver/services/cloudbuild.googleapis.com 200
[debug] [2023-06-27T11:15:19.742Z] <<< [apiv2][body] GET https://serviceusage.googleapis.com/v1/projects/coffeshopserver/services/cloudbuild.googleapis.com [omitted]
[info] +  functions: required API cloudbuild.googleapis.com is enabled 
[debug] [2023-06-27T11:15:19.750Z] <<< [apiv2][status] GET https://serviceusage.googleapis.com/v1/projects/coffeshopserver/services/cloudfunctions.googleapis.com 200
[debug] [2023-06-27T11:15:19.750Z] <<< [apiv2][body] GET https://serviceusage.googleapis.com/v1/projects/coffeshopserver/services/cloudfunctions.googleapis.com [omitted]
[info] +  functions: required API cloudfunctions.googleapis.com is enabled 
[debug] [2023-06-27T11:15:19.752Z] <<< [apiv2][status] GET https://serviceusage.googleapis.com/v1/projects/coffeshopserver/services/artifactregistry.googleapis.com 200
[debug] [2023-06-27T11:15:19.752Z] <<< [apiv2][body] GET https://serviceusage.googleapis.com/v1/projects/coffeshopserver/services/artifactregistry.googleapis.com [omitted]
[info] +  artifactregistry: required API artifactregistry.googleapis.com is enabled 
[debug] [2023-06-27T11:15:19.756Z] <<< [apiv2][status] GET https://serviceusage.googleapis.com/v1/projects/coffeshopserver/services/runtimeconfig.googleapis.com 200
[debug] [2023-06-27T11:15:19.757Z] <<< [apiv2][body] GET https://serviceusage.googleapis.com/v1/projects/coffeshopserver/services/runtimeconfig.googleapis.com [omitted]
[debug] [2023-06-27T11:15:19.757Z] >>> [apiv2][query] GET https://firebase.googleapis.com/v1beta1/projects/coffeshopserver/adminSdkConfig [none]
[debug] [2023-06-27T11:15:20.135Z] <<< [apiv2][status] GET https://firebase.googleapis.com/v1beta1/projects/coffeshopserver/adminSdkConfig 200
[debug] [2023-06-27T11:15:20.135Z] <<< [apiv2][body] GET https://firebase.googleapis.com/v1beta1/projects/coffeshopserver/adminSdkConfig {"projectId":"coffeshopserver","storageBucket":"coffeshopserver.appspot.com"}
[debug] [2023-06-27T11:15:20.136Z] >>> [apiv2][query] GET https://runtimeconfig.googleapis.com/v1beta1/projects/coffeshopserver/configs [none]
[debug] [2023-06-27T11:15:21.223Z] <<< [apiv2][status] GET https://runtimeconfig.googleapis.com/v1beta1/projects/coffeshopserver/configs 200
[debug] [2023-06-27T11:15:21.223Z] <<< [apiv2][body] GET https://runtimeconfig.googleapis.com/v1beta1/projects/coffeshopserver/configs {}
[debug] [2023-06-27T11:15:21.225Z] Validating nodejs source
[debug] [2023-06-27T11:15:23.606Z] > [functions] package.json contents: {
  "name": "warehouse",
  "version": "1.0.0",
  "description": "store away data",
  "main": "server.js",
  "dependencies": {
    "bcrypt": "^5.1.0",
    "body-parser": "^1.20.2",
    "colors": "^1.4.0",
    "cors": "^2.8.5",
    "dotenv": "^16.0.3",
    "express": "^4.18.2",
    "express-async-handler": "^1.2.0",
    "express-validator": "^6.14.3",
    "firebase-admin": "^11.9.0",
    "firebase-functions": "^4.4.1",
    "micro": "^10.0.1",
    "mongoose": "^6.8.4",
    "mongoose-bcrypt": "^1.10.1",
    "nanoid": "^4.0.1",
    "nodemon": "^2.0.20",
    "raw-body": "^2.5.2",
    "stripe": "^11.15.0",
    "uuid": "^9.0.0"
  },
  "engines": {
    "node": "18"
  },
  "scripts": {
    "start": "node backend/server.js",
    "server": "nodemon backend/server.js",
    "deploy": "firebase deploy --only functions"
  },
  "author": "",
  "license": "ISC"
}
[debug] [2023-06-27T11:15:23.606Z] Building nodejs source
[debug] [2023-06-27T11:15:23.607Z] Could not find functions.yaml. Must use http discovery
[debug] [2023-06-27T11:15:23.629Z] Found firebase-functions binary at 'D:\Projekty\React Projects\coffee-shop\server\node_modules\.bin\firebase-functions'
[debug] [2023-06-27T11:15:24.227Z] Serving at port 8928

[debug] [2023-06-27T11:15:25.661Z] FetchError: request to http://localhost:8928/__/quitquitquit failed, reason: connect ECONNREFUSED ::1:8928
    at ClientRequest.<anonymous> (C:\Users\tomas\AppData\Roaming\npm\node_modules\firebase-tools\node_modules\node-fetch\lib\index.js:1505:11)
    at ClientRequest.emit (node:events:513:28)
    at ClientRequest.emit (node:domain:489:12)
    at Socket.socketErrorListener (node:_http_client:502:9)
    at Socket.emit (node:events:513:28)
    at Socket.emit (node:domain:489:12)
    at emitErrorNT (node:internal/streams/destroy:151:8)
    at emitErrorCloseNT (node:internal/streams/destroy:116:3)
    at process.processTicksAndRejections (node:internal/process/task_queues:82:21)
[error] 
[error] Error: An unexpected error has occurred.
[debug] [2023-06-27T11:16:38.507Z] ----------------------------------------------------------------------
[debug] [2023-06-27T11:16:38.510Z] Command:       C:\Program Files\nodejs\node.exe C:\Users\tomas\AppData\Roaming\npm\node_modules\firebase-tools\lib\bin\firebase.js deploy
[debug] [2023-06-27T11:16:38.510Z] CLI Version:   12.4.0
[debug] [2023-06-27T11:16:38.511Z] Platform:      win32
[debug] [2023-06-27T11:16:38.511Z] Node Version:  v18.16.0
[debug] [2023-06-27T11:16:38.512Z] Time:          Tue Jun 27 2023 13:16:38 GMT+0200 (czas środkowoeuropejski letni)
[debug] [2023-06-27T11:16:38.513Z] ----------------------------------------------------------------------
[debug] 
[debug] [2023-06-27T11:16:38.636Z] > command requires scopes: ["email","openid","https://www.googleapis.com/auth/cloudplatformprojects.readonly","https://www.googleapis.com/auth/firebase","https://www.googleapis.com/auth/cloud-platform"]
[debug] [2023-06-27T11:16:38.637Z] > authorizing via signed-in user (szybko872@gmail.com)
[debug] [2023-06-27T11:16:38.637Z] [iam] checking project coffeshopserver for permissions ["cloudfunctions.functions.create","cloudfunctions.functions.delete","cloudfunctions.functions.get","cloudfunctions.functions.list","cloudfunctions.functions.update","cloudfunctions.operations.get","firebase.projects.get"]
[debug] [2023-06-27T11:16:38.642Z] >>> [apiv2][query] POST https://cloudresourcemanager.googleapis.com/v1/projects/coffeshopserver:testIamPermissions [none]
[debug] [2023-06-27T11:16:38.642Z] >>> [apiv2][(partial)header] POST https://cloudresourcemanager.googleapis.com/v1/projects/coffeshopserver:testIamPermissions x-goog-quota-user=projects/coffeshopserver
[debug] [2023-06-27T11:16:38.643Z] >>> [apiv2][body] POST https://cloudresourcemanager.googleapis.com/v1/projects/coffeshopserver:testIamPermissions {"permissions":["cloudfunctions.functions.create","cloudfunctions.functions.delete","cloudfunctions.functions.get","cloudfunctions.functions.list","cloudfunctions.functions.update","cloudfunctions.operations.get","firebase.projects.get"]}
[debug] [2023-06-27T11:16:39.541Z] <<< [apiv2][status] POST https://cloudresourcemanager.googleapis.com/v1/projects/coffeshopserver:testIamPermissions 200
[debug] [2023-06-27T11:16:39.542Z] <<< [apiv2][body] POST https://cloudresourcemanager.googleapis.com/v1/projects/coffeshopserver:testIamPermissions {"permissions":["cloudfunctions.functions.create","cloudfunctions.functions.delete","cloudfunctions.functions.get","cloudfunctions.functions.list","cloudfunctions.functions.update","cloudfunctions.operations.get","firebase.projects.get"]}
[debug] [2023-06-27T11:16:39.542Z] >>> [apiv2][query] POST https://iam.googleapis.com/v1/projects/coffeshopserver/serviceAccounts/coffeshopserver@appspot.gserviceaccount.com:testIamPermissions [none]
[debug] [2023-06-27T11:16:39.542Z] >>> [apiv2][body] POST https://iam.googleapis.com/v1/projects/coffeshopserver/serviceAccounts/coffeshopserver@appspot.gserviceaccount.com:testIamPermissions {"permissions":["iam.serviceAccounts.actAs"]}
[debug] [2023-06-27T11:16:39.844Z] <<< [apiv2][status] POST https://iam.googleapis.com/v1/projects/coffeshopserver/serviceAccounts/coffeshopserver@appspot.gserviceaccount.com:testIamPermissions 200
[debug] [2023-06-27T11:16:39.844Z] <<< [apiv2][body] POST https://iam.googleapis.com/v1/projects/coffeshopserver/serviceAccounts/coffeshopserver@appspot.gserviceaccount.com:testIamPermissions {"permissions":["iam.serviceAccounts.actAs"]}
[info] 
[info] === Deploying to 'coffeshopserver'...
[info] 
[info] i  deploying functions 
[debug] [2023-06-27T11:16:39.849Z] >>> [apiv2][query] GET https://firebase.googleapis.com/v1beta1/projects/coffeshopserver [none]
[debug] [2023-06-27T11:16:40.183Z] <<< [apiv2][status] GET https://firebase.googleapis.com/v1beta1/projects/coffeshopserver 200
[debug] [2023-06-27T11:16:40.184Z] <<< [apiv2][body] GET https://firebase.googleapis.com/v1beta1/projects/coffeshopserver {"projectId":"coffeshopserver","projectNumber":"620954325640","displayName":"coffeShopServer","name":"projects/coffeshopserver","resources":{"hostingSite":"coffeshopserver"},"state":"ACTIVE","etag":"1_80ae0e2e-8403-4841-8e89-69510cfbee2d"}
[info] i  functions: preparing codebase default for deployment 
[info] i  functions: ensuring required API cloudfunctions.googleapis.com is enabled... 
[info] i  functions: ensuring required API cloudbuild.googleapis.com is enabled... 
[info] i  artifactregistry: ensuring required API artifactregistry.googleapis.com is enabled... 
[debug] [2023-06-27T11:16:40.188Z] >>> [apiv2][query] GET https://serviceusage.googleapis.com/v1/projects/coffeshopserver/services/cloudfunctions.googleapis.com [none]
[debug] [2023-06-27T11:16:40.188Z] >>> [apiv2][(partial)header] GET https://serviceusage.googleapis.com/v1/projects/coffeshopserver/services/cloudfunctions.googleapis.com x-goog-quota-user=projects/coffeshopserver
[debug] [2023-06-27T11:16:40.190Z] >>> [apiv2][query] GET https://serviceusage.googleapis.com/v1/projects/coffeshopserver/services/runtimeconfig.googleapis.com [none]
[debug] [2023-06-27T11:16:40.190Z] >>> [apiv2][(partial)header] GET https://serviceusage.googleapis.com/v1/projects/coffeshopserver/services/runtimeconfig.googleapis.com x-goog-quota-user=projects/coffeshopserver
[debug] [2023-06-27T11:16:40.192Z] >>> [apiv2][query] GET https://serviceusage.googleapis.com/v1/projects/coffeshopserver/services/cloudbuild.googleapis.com [none]
[debug] [2023-06-27T11:16:40.192Z] >>> [apiv2][(partial)header] GET https://serviceusage.googleapis.com/v1/projects/coffeshopserver/services/cloudbuild.googleapis.com x-goog-quota-user=projects/coffeshopserver
[debug] [2023-06-27T11:16:40.193Z] >>> [apiv2][query] GET https://serviceusage.googleapis.com/v1/projects/coffeshopserver/services/artifactregistry.googleapis.com [none]
[debug] [2023-06-27T11:16:40.193Z] >>> [apiv2][(partial)header] GET https://serviceusage.googleapis.com/v1/projects/coffeshopserver/services/artifactregistry.googleapis.com x-goog-quota-user=projects/coffeshopserver
[debug] [2023-06-27T11:16:41.109Z] <<< [apiv2][status] GET https://serviceusage.googleapis.com/v1/projects/coffeshopserver/services/artifactregistry.googleapis.com 200
[debug] [2023-06-27T11:16:41.109Z] <<< [apiv2][body] GET https://serviceusage.googleapis.com/v1/projects/coffeshopserver/services/artifactregistry.googleapis.com [omitted]
[info] +  artifactregistry: required API artifactregistry.googleapis.com is enabled 
[debug] [2023-06-27T11:16:41.112Z] <<< [apiv2][status] GET https://serviceusage.googleapis.com/v1/projects/coffeshopserver/services/runtimeconfig.googleapis.com 200
[debug] [2023-06-27T11:16:41.112Z] <<< [apiv2][body] GET https://serviceusage.googleapis.com/v1/projects/coffeshopserver/services/runtimeconfig.googleapis.com [omitted]
[debug] [2023-06-27T11:16:41.117Z] <<< [apiv2][status] GET https://serviceusage.googleapis.com/v1/projects/coffeshopserver/services/cloudfunctions.googleapis.com 200
[debug] [2023-06-27T11:16:41.118Z] <<< [apiv2][body] GET https://serviceusage.googleapis.com/v1/projects/coffeshopserver/services/cloudfunctions.googleapis.com [omitted]
[info] +  functions: required API cloudfunctions.googleapis.com is enabled 
[debug] [2023-06-27T11:16:41.129Z] <<< [apiv2][status] GET https://serviceusage.googleapis.com/v1/projects/coffeshopserver/services/cloudbuild.googleapis.com 200
[debug] [2023-06-27T11:16:41.129Z] <<< [apiv2][body] GET https://serviceusage.googleapis.com/v1/projects/coffeshopserver/services/cloudbuild.googleapis.com [omitted]
[info] +  functions: required API cloudbuild.googleapis.com is enabled 
[debug] [2023-06-27T11:16:41.130Z] >>> [apiv2][query] GET https://firebase.googleapis.com/v1beta1/projects/coffeshopserver/adminSdkConfig [none]
[debug] [2023-06-27T11:16:41.414Z] <<< [apiv2][status] GET https://firebase.googleapis.com/v1beta1/projects/coffeshopserver/adminSdkConfig 200
[debug] [2023-06-27T11:16:41.414Z] <<< [apiv2][body] GET https://firebase.googleapis.com/v1beta1/projects/coffeshopserver/adminSdkConfig {"projectId":"coffeshopserver","storageBucket":"coffeshopserver.appspot.com"}
[debug] [2023-06-27T11:16:41.415Z] >>> [apiv2][query] GET https://runtimeconfig.googleapis.com/v1beta1/projects/coffeshopserver/configs [none]
[debug] [2023-06-27T11:16:41.655Z] <<< [apiv2][status] GET https://runtimeconfig.googleapis.com/v1beta1/projects/coffeshopserver/configs 200
[debug] [2023-06-27T11:16:41.655Z] <<< [apiv2][body] GET https://runtimeconfig.googleapis.com/v1beta1/projects/coffeshopserver/configs {}
[debug] [2023-06-27T11:16:41.657Z] Validating nodejs source
[debug] [2023-06-27T11:16:43.871Z] > [functions] package.json contents: {
  "name": "warehouse",
  "version": "1.0.0",
  "description": "store away data",
  "main": "server.js",
  "dependencies": {
    "bcrypt": "^5.1.0",
    "body-parser": "^1.20.2",
    "colors": "^1.4.0",
    "cors": "^2.8.5",
    "dotenv": "^16.0.3",
    "express": "^4.18.2",
    "express-async-handler": "^1.2.0",
    "express-validator": "^6.14.3",
    "firebase-admin": "^11.9.0",
    "firebase-functions": "^4.4.1",
    "micro": "^10.0.1",
    "mongoose": "^6.8.4",
    "mongoose-bcrypt": "^1.10.1",
    "nanoid": "^4.0.1",
    "nodemon": "^2.0.20",
    "raw-body": "^2.5.2",
    "stripe": "^11.15.0",
    "uuid": "^9.0.0"
  },
  "engines": {
    "node": "18"
  },
  "scripts": {
    "start": "node backend/server.js",
    "server": "nodemon backend/server.js",
    "deploy": "firebase deploy --only functions"
  },
  "author": "",
  "license": "ISC"
}
[debug] [2023-06-27T11:16:43.872Z] Building nodejs source
[debug] [2023-06-27T11:16:43.873Z] Could not find functions.yaml. Must use http discovery
[debug] [2023-06-27T11:16:43.884Z] Found firebase-functions binary at 'D:\Projekty\React Projects\coffee-shop\server\node_modules\.bin\firebase-functions'
[debug] [2023-06-27T11:16:44.182Z] Serving at port 8069

[debug] [2023-06-27T11:16:45.578Z] FetchError: request to http://localhost:8069/__/quitquitquit failed, reason: connect ECONNREFUSED ::1:8069
    at ClientRequest.<anonymous> (C:\Users\tomas\AppData\Roaming\npm\node_modules\firebase-tools\node_modules\node-fetch\lib\index.js:1505:11)
    at ClientRequest.emit (node:events:513:28)
    at ClientRequest.emit (node:domain:489:12)
    at Socket.socketErrorListener (node:_http_client:502:9)
    at Socket.emit (node:events:513:28)
    at Socket.emit (node:domain:489:12)
    at emitErrorNT (node:internal/streams/destroy:151:8)
    at emitErrorCloseNT (node:internal/streams/destroy:116:3)
    at process.processTicksAndRejections (node:internal/process/task_queues:82:21)
[error] 
[error] Error: An unexpected error has occurred.
[debug] [2023-06-27T11:17:07.089Z] ----------------------------------------------------------------------
[debug] [2023-06-27T11:17:07.092Z] Command:       C:\Program Files\nodejs\node.exe C:\Users\tomas\AppData\Roaming\npm\node_modules\firebase-tools\lib\bin\firebase.js deploy
[debug] [2023-06-27T11:17:07.092Z] CLI Version:   12.4.0
[debug] [2023-06-27T11:17:07.093Z] Platform:      win32
[debug] [2023-06-27T11:17:07.093Z] Node Version:  v18.16.0
[debug] [2023-06-27T11:17:07.095Z] Time:          Tue Jun 27 2023 13:17:07 GMT+0200 (czas środkowoeuropejski letni)
[debug] [2023-06-27T11:17:07.095Z] ----------------------------------------------------------------------
[debug] 
[debug] [2023-06-27T11:17:07.197Z] > command requires scopes: ["email","openid","https://www.googleapis.com/auth/cloudplatformprojects.readonly","https://www.googleapis.com/auth/firebase","https://www.googleapis.com/auth/cloud-platform"]
[debug] [2023-06-27T11:17:07.197Z] > authorizing via signed-in user (szybko872@gmail.com)
[debug] [2023-06-27T11:17:07.198Z] [iam] checking project coffeshopserver for permissions ["cloudfunctions.functions.create","cloudfunctions.functions.delete","cloudfunctions.functions.get","cloudfunctions.functions.list","cloudfunctions.functions.update","cloudfunctions.operations.get","firebase.projects.get"]
[debug] [2023-06-27T11:17:07.201Z] >>> [apiv2][query] POST https://cloudresourcemanager.googleapis.com/v1/projects/coffeshopserver:testIamPermissions [none]
[debug] [2023-06-27T11:17:07.201Z] >>> [apiv2][(partial)header] POST https://cloudresourcemanager.googleapis.com/v1/projects/coffeshopserver:testIamPermissions x-goog-quota-user=projects/coffeshopserver
[debug] [2023-06-27T11:17:07.202Z] >>> [apiv2][body] POST https://cloudresourcemanager.googleapis.com/v1/projects/coffeshopserver:testIamPermissions {"permissions":["cloudfunctions.functions.create","cloudfunctions.functions.delete","cloudfunctions.functions.get","cloudfunctions.functions.list","cloudfunctions.functions.update","cloudfunctions.operations.get","firebase.projects.get"]}
[debug] [2023-06-27T11:17:08.066Z] <<< [apiv2][status] POST https://cloudresourcemanager.googleapis.com/v1/projects/coffeshopserver:testIamPermissions 200
[debug] [2023-06-27T11:17:08.067Z] <<< [apiv2][body] POST https://cloudresourcemanager.googleapis.com/v1/projects/coffeshopserver:testIamPermissions {"permissions":["cloudfunctions.functions.create","cloudfunctions.functions.delete","cloudfunctions.functions.get","cloudfunctions.functions.list","cloudfunctions.functions.update","cloudfunctions.operations.get","firebase.projects.get"]}
[debug] [2023-06-27T11:17:08.067Z] >>> [apiv2][query] POST https://iam.googleapis.com/v1/projects/coffeshopserver/serviceAccounts/coffeshopserver@appspot.gserviceaccount.com:testIamPermissions [none]
[debug] [2023-06-27T11:17:08.067Z] >>> [apiv2][body] POST https://iam.googleapis.com/v1/projects/coffeshopserver/serviceAccounts/coffeshopserver@appspot.gserviceaccount.com:testIamPermissions {"permissions":["iam.serviceAccounts.actAs"]}
[debug] [2023-06-27T11:17:08.765Z] <<< [apiv2][status] POST https://iam.googleapis.com/v1/projects/coffeshopserver/serviceAccounts/coffeshopserver@appspot.gserviceaccount.com:testIamPermissions 200
[debug] [2023-06-27T11:17:08.765Z] <<< [apiv2][body] POST https://iam.googleapis.com/v1/projects/coffeshopserver/serviceAccounts/coffeshopserver@appspot.gserviceaccount.com:testIamPermissions {"permissions":["iam.serviceAccounts.actAs"]}
[info] 
[info] === Deploying to 'coffeshopserver'...
[info] 
[info] i  deploying functions 
[debug] [2023-06-27T11:17:08.771Z] >>> [apiv2][query] GET https://firebase.googleapis.com/v1beta1/projects/coffeshopserver [none]
[debug] [2023-06-27T11:17:09.048Z] <<< [apiv2][status] GET https://firebase.googleapis.com/v1beta1/projects/coffeshopserver 200
[debug] [2023-06-27T11:17:09.048Z] <<< [apiv2][body] GET https://firebase.googleapis.com/v1beta1/projects/coffeshopserver {"projectId":"coffeshopserver","projectNumber":"620954325640","displayName":"coffeShopServer","name":"projects/coffeshopserver","resources":{"hostingSite":"coffeshopserver"},"state":"ACTIVE","etag":"1_80ae0e2e-8403-4841-8e89-69510cfbee2d"}
[info] i  functions: preparing codebase default for deployment 
[info] i  functions: ensuring required API cloudfunctions.googleapis.com is enabled... 
[info] i  functions: ensuring required API cloudbuild.googleapis.com is enabled... 
[info] i  artifactregistry: ensuring required API artifactregistry.googleapis.com is enabled... 
[debug] [2023-06-27T11:17:09.052Z] >>> [apiv2][query] GET https://serviceusage.googleapis.com/v1/projects/coffeshopserver/services/cloudfunctions.googleapis.com [none]
[debug] [2023-06-27T11:17:09.052Z] >>> [apiv2][(partial)header] GET https://serviceusage.googleapis.com/v1/projects/coffeshopserver/services/cloudfunctions.googleapis.com x-goog-quota-user=projects/coffeshopserver
[debug] [2023-06-27T11:17:09.054Z] >>> [apiv2][query] GET https://serviceusage.googleapis.com/v1/projects/coffeshopserver/services/runtimeconfig.googleapis.com [none]
[debug] [2023-06-27T11:17:09.054Z] >>> [apiv2][(partial)header] GET https://serviceusage.googleapis.com/v1/projects/coffeshopserver/services/runtimeconfig.googleapis.com x-goog-quota-user=projects/coffeshopserver
[debug] [2023-06-27T11:17:09.056Z] >>> [apiv2][query] GET https://serviceusage.googleapis.com/v1/projects/coffeshopserver/services/cloudbuild.googleapis.com [none]
[debug] [2023-06-27T11:17:09.056Z] >>> [apiv2][(partial)header] GET https://serviceusage.googleapis.com/v1/projects/coffeshopserver/services/cloudbuild.googleapis.com x-goog-quota-user=projects/coffeshopserver
[debug] [2023-06-27T11:17:09.057Z] >>> [apiv2][query] GET https://serviceusage.googleapis.com/v1/projects/coffeshopserver/services/artifactregistry.googleapis.com [none]
[debug] [2023-06-27T11:17:09.057Z] >>> [apiv2][(partial)header] GET https://serviceusage.googleapis.com/v1/projects/coffeshopserver/services/artifactregistry.googleapis.com x-goog-quota-user=projects/coffeshopserver
[debug] [2023-06-27T11:17:09.959Z] <<< [apiv2][status] GET https://serviceusage.googleapis.com/v1/projects/coffeshopserver/services/artifactregistry.googleapis.com 200
[debug] [2023-06-27T11:17:09.959Z] <<< [apiv2][body] GET https://serviceusage.googleapis.com/v1/projects/coffeshopserver/services/artifactregistry.googleapis.com [omitted]
[info] +  artifactregistry: required API artifactregistry.googleapis.com is enabled 
[debug] [2023-06-27T11:17:09.962Z] <<< [apiv2][status] GET https://serviceusage.googleapis.com/v1/projects/coffeshopserver/services/cloudfunctions.googleapis.com 200
[debug] [2023-06-27T11:17:09.963Z] <<< [apiv2][body] GET https://serviceusage.googleapis.com/v1/projects/coffeshopserver/services/cloudfunctions.googleapis.com [omitted]
[info] +  functions: required API cloudfunctions.googleapis.com is enabled 
[debug] [2023-06-27T11:17:09.971Z] <<< [apiv2][status] GET https://serviceusage.googleapis.com/v1/projects/coffeshopserver/services/cloudbuild.googleapis.com 200
[debug] [2023-06-27T11:17:09.971Z] <<< [apiv2][body] GET https://serviceusage.googleapis.com/v1/projects/coffeshopserver/services/cloudbuild.googleapis.com [omitted]
[info] +  functions: required API cloudbuild.googleapis.com is enabled 
[debug] [2023-06-27T11:17:10.007Z] <<< [apiv2][status] GET https://serviceusage.googleapis.com/v1/projects/coffeshopserver/services/runtimeconfig.googleapis.com 200
[debug] [2023-06-27T11:17:10.007Z] <<< [apiv2][body] GET https://serviceusage.googleapis.com/v1/projects/coffeshopserver/services/runtimeconfig.googleapis.com [omitted]
[debug] [2023-06-27T11:17:10.008Z] >>> [apiv2][query] GET https://firebase.googleapis.com/v1beta1/projects/coffeshopserver/adminSdkConfig [none]
[debug] [2023-06-27T11:17:10.296Z] <<< [apiv2][status] GET https://firebase.googleapis.com/v1beta1/projects/coffeshopserver/adminSdkConfig 200
[debug] [2023-06-27T11:17:10.296Z] <<< [apiv2][body] GET https://firebase.googleapis.com/v1beta1/projects/coffeshopserver/adminSdkConfig {"projectId":"coffeshopserver","storageBucket":"coffeshopserver.appspot.com"}
[debug] [2023-06-27T11:17:10.297Z] >>> [apiv2][query] GET https://runtimeconfig.googleapis.com/v1beta1/projects/coffeshopserver/configs [none]
[debug] [2023-06-27T11:17:10.608Z] <<< [apiv2][status] GET https://runtimeconfig.googleapis.com/v1beta1/projects/coffeshopserver/configs 200
[debug] [2023-06-27T11:17:10.608Z] <<< [apiv2][body] GET https://runtimeconfig.googleapis.com/v1beta1/projects/coffeshopserver/configs {}
[debug] [2023-06-27T11:17:10.610Z] Validating nodejs source
[debug] [2023-06-27T11:17:12.813Z] > [functions] package.json contents: {
  "name": "warehouse",
  "version": "1.0.0",
  "description": "store away data",
  "main": "server.js",
  "dependencies": {
    "bcrypt": "^5.1.0",
    "body-parser": "^1.20.2",
    "colors": "^1.4.0",
    "cors": "^2.8.5",
    "dotenv": "^16.0.3",
    "express": "^4.18.2",
    "express-async-handler": "^1.2.0",
    "express-validator": "^6.14.3",
    "firebase-admin": "^11.9.0",
    "firebase-functions": "^4.4.1",
    "micro": "^10.0.1",
    "mongoose": "^6.8.4",
    "mongoose-bcrypt": "^1.10.1",
    "nanoid": "^4.0.1",
    "nodemon": "^2.0.20",
    "raw-body": "^2.5.2",
    "stripe": "^11.15.0",
    "uuid": "^9.0.0"
  },
  "engines": {
    "node": "18"
  },
  "scripts": {
    "start": "node backend/server.js",
    "server": "nodemon backend/server.js",
    "deploy": "firebase deploy --only functions"
  },
  "author": "",
  "license": "ISC"
}
[debug] [2023-06-27T11:17:12.813Z] Building nodejs source
[debug] [2023-06-27T11:17:12.814Z] Could not find functions.yaml. Must use http discovery
[debug] [2023-06-27T11:17:12.824Z] Found firebase-functions binary at 'D:\Projekty\React Projects\coffee-shop\server\node_modules\.bin\firebase-functions'
[debug] [2023-06-27T11:17:13.118Z] Serving at port 8816

[debug] [2023-06-27T11:17:14.485Z] FetchError: request to http://localhost:8816/__/quitquitquit failed, reason: connect ECONNREFUSED ::1:8816
    at ClientRequest.<anonymous> (C:\Users\tomas\AppData\Roaming\npm\node_modules\firebase-tools\node_modules\node-fetch\lib\index.js:1505:11)
    at ClientRequest.emit (node:events:513:28)
    at ClientRequest.emit (node:domain:489:12)
    at Socket.socketErrorListener (node:_http_client:502:9)
    at Socket.emit (node:events:513:28)
    at Socket.emit (node:domain:489:12)
    at emitErrorNT (node:internal/streams/destroy:151:8)
    at emitErrorCloseNT (node:internal/streams/destroy:116:3)
    at process.processTicksAndRejections (node:internal/process/task_queues:82:21)
[error] 
[error] Error: An unexpected error has occurred.
[debug] [2023-06-27T18:13:58.953Z] ----------------------------------------------------------------------
[debug] [2023-06-27T18:13:58.955Z] Command:       C:\Program Files\nodejs\node.exe C:\Users\tomas\AppData\Roaming\npm\node_modules\firebase-tools\lib\bin\firebase.js deploy
[debug] [2023-06-27T18:13:58.956Z] CLI Version:   12.4.0
[debug] [2023-06-27T18:13:58.956Z] Platform:      win32
[debug] [2023-06-27T18:13:58.957Z] Node Version:  v18.16.0
[debug] [2023-06-27T18:13:58.960Z] Time:          Tue Jun 27 2023 20:13:58 GMT+0200 (czas środkowoeuropejski letni)
[debug] [2023-06-27T18:13:58.961Z] ----------------------------------------------------------------------
[debug] 
[debug] [2023-06-27T18:13:59.052Z] > command requires scopes: ["email","openid","https://www.googleapis.com/auth/cloudplatformprojects.readonly","https://www.googleapis.com/auth/firebase","https://www.googleapis.com/auth/cloud-platform"]
[debug] [2023-06-27T18:13:59.053Z] > authorizing via signed-in user (szybko872@gmail.com)
[debug] [2023-06-27T18:13:59.053Z] [iam] checking project coffeshopserver for permissions ["cloudfunctions.functions.create","cloudfunctions.functions.delete","cloudfunctions.functions.get","cloudfunctions.functions.list","cloudfunctions.functions.update","cloudfunctions.operations.get","firebase.projects.get"]
[debug] [2023-06-27T18:13:59.056Z] > refreshing access token with scopes: []
[debug] [2023-06-27T18:13:59.058Z] >>> [apiv2][query] POST https://www.googleapis.com/oauth2/v3/token [none]
[debug] [2023-06-27T18:13:59.058Z] >>> [apiv2][body] POST https://www.googleapis.com/oauth2/v3/token [omitted]
[debug] [2023-06-27T18:13:59.507Z] <<< [apiv2][status] POST https://www.googleapis.com/oauth2/v3/token 200
[debug] [2023-06-27T18:13:59.508Z] <<< [apiv2][body] POST https://www.googleapis.com/oauth2/v3/token [omitted]
[debug] [2023-06-27T18:13:59.517Z] >>> [apiv2][query] POST https://cloudresourcemanager.googleapis.com/v1/projects/coffeshopserver:testIamPermissions [none]
[debug] [2023-06-27T18:13:59.517Z] >>> [apiv2][(partial)header] POST https://cloudresourcemanager.googleapis.com/v1/projects/coffeshopserver:testIamPermissions x-goog-quota-user=projects/coffeshopserver
[debug] [2023-06-27T18:13:59.517Z] >>> [apiv2][body] POST https://cloudresourcemanager.googleapis.com/v1/projects/coffeshopserver:testIamPermissions {"permissions":["cloudfunctions.functions.create","cloudfunctions.functions.delete","cloudfunctions.functions.get","cloudfunctions.functions.list","cloudfunctions.functions.update","cloudfunctions.operations.get","firebase.projects.get"]}
[debug] [2023-06-27T18:14:00.427Z] <<< [apiv2][status] POST https://cloudresourcemanager.googleapis.com/v1/projects/coffeshopserver:testIamPermissions 200
[debug] [2023-06-27T18:14:00.427Z] <<< [apiv2][body] POST https://cloudresourcemanager.googleapis.com/v1/projects/coffeshopserver:testIamPermissions {"permissions":["cloudfunctions.functions.create","cloudfunctions.functions.delete","cloudfunctions.functions.get","cloudfunctions.functions.list","cloudfunctions.functions.update","cloudfunctions.operations.get","firebase.projects.get"]}
[debug] [2023-06-27T18:14:00.427Z] >>> [apiv2][query] POST https://iam.googleapis.com/v1/projects/coffeshopserver/serviceAccounts/coffeshopserver@appspot.gserviceaccount.com:testIamPermissions [none]
[debug] [2023-06-27T18:14:00.427Z] >>> [apiv2][body] POST https://iam.googleapis.com/v1/projects/coffeshopserver/serviceAccounts/coffeshopserver@appspot.gserviceaccount.com:testIamPermissions {"permissions":["iam.serviceAccounts.actAs"]}
[debug] [2023-06-27T18:14:01.173Z] <<< [apiv2][status] POST https://iam.googleapis.com/v1/projects/coffeshopserver/serviceAccounts/coffeshopserver@appspot.gserviceaccount.com:testIamPermissions 200
[debug] [2023-06-27T18:14:01.174Z] <<< [apiv2][body] POST https://iam.googleapis.com/v1/projects/coffeshopserver/serviceAccounts/coffeshopserver@appspot.gserviceaccount.com:testIamPermissions {"permissions":["iam.serviceAccounts.actAs"]}
[info] 
[info] === Deploying to 'coffeshopserver'...
[info] 
[info] i  deploying functions 
[debug] [2023-06-27T18:14:01.179Z] >>> [apiv2][query] GET https://firebase.googleapis.com/v1beta1/projects/coffeshopserver [none]
[debug] [2023-06-27T18:14:01.614Z] <<< [apiv2][status] GET https://firebase.googleapis.com/v1beta1/projects/coffeshopserver 200
[debug] [2023-06-27T18:14:01.614Z] <<< [apiv2][body] GET https://firebase.googleapis.com/v1beta1/projects/coffeshopserver {"projectId":"coffeshopserver","projectNumber":"620954325640","displayName":"coffeShopServer","name":"projects/coffeshopserver","resources":{"hostingSite":"coffeshopserver"},"state":"ACTIVE","etag":"1_80ae0e2e-8403-4841-8e89-69510cfbee2d"}
[info] i  functions: preparing codebase default for deployment 
[info] i  functions: ensuring required API cloudfunctions.googleapis.com is enabled... 
[info] i  functions: ensuring required API cloudbuild.googleapis.com is enabled... 
[info] i  artifactregistry: ensuring required API artifactregistry.googleapis.com is enabled... 
[debug] [2023-06-27T18:14:01.617Z] >>> [apiv2][query] GET https://serviceusage.googleapis.com/v1/projects/coffeshopserver/services/cloudfunctions.googleapis.com [none]
[debug] [2023-06-27T18:14:01.617Z] >>> [apiv2][(partial)header] GET https://serviceusage.googleapis.com/v1/projects/coffeshopserver/services/cloudfunctions.googleapis.com x-goog-quota-user=projects/coffeshopserver
[debug] [2023-06-27T18:14:01.618Z] >>> [apiv2][query] GET https://serviceusage.googleapis.com/v1/projects/coffeshopserver/services/runtimeconfig.googleapis.com [none]
[debug] [2023-06-27T18:14:01.618Z] >>> [apiv2][(partial)header] GET https://serviceusage.googleapis.com/v1/projects/coffeshopserver/services/runtimeconfig.googleapis.com x-goog-quota-user=projects/coffeshopserver
[debug] [2023-06-27T18:14:01.620Z] >>> [apiv2][query] GET https://serviceusage.googleapis.com/v1/projects/coffeshopserver/services/cloudbuild.googleapis.com [none]
[debug] [2023-06-27T18:14:01.620Z] >>> [apiv2][(partial)header] GET https://serviceusage.googleapis.com/v1/projects/coffeshopserver/services/cloudbuild.googleapis.com x-goog-quota-user=projects/coffeshopserver
[debug] [2023-06-27T18:14:01.621Z] >>> [apiv2][query] GET https://serviceusage.googleapis.com/v1/projects/coffeshopserver/services/artifactregistry.googleapis.com [none]
[debug] [2023-06-27T18:14:01.621Z] >>> [apiv2][(partial)header] GET https://serviceusage.googleapis.com/v1/projects/coffeshopserver/services/artifactregistry.googleapis.com x-goog-quota-user=projects/coffeshopserver
[debug] [2023-06-27T18:14:02.573Z] <<< [apiv2][status] GET https://serviceusage.googleapis.com/v1/projects/coffeshopserver/services/runtimeconfig.googleapis.com 200
[debug] [2023-06-27T18:14:02.573Z] <<< [apiv2][body] GET https://serviceusage.googleapis.com/v1/projects/coffeshopserver/services/runtimeconfig.googleapis.com [omitted]
[debug] [2023-06-27T18:14:02.574Z] <<< [apiv2][status] GET https://serviceusage.googleapis.com/v1/projects/coffeshopserver/services/artifactregistry.googleapis.com 200
[debug] [2023-06-27T18:14:02.574Z] <<< [apiv2][body] GET https://serviceusage.googleapis.com/v1/projects/coffeshopserver/services/artifactregistry.googleapis.com [omitted]
[info] +  artifactregistry: required API artifactregistry.googleapis.com is enabled 
[debug] [2023-06-27T18:14:02.584Z] <<< [apiv2][status] GET https://serviceusage.googleapis.com/v1/projects/coffeshopserver/services/cloudbuild.googleapis.com 200
[debug] [2023-06-27T18:14:02.584Z] <<< [apiv2][body] GET https://serviceusage.googleapis.com/v1/projects/coffeshopserver/services/cloudbuild.googleapis.com [omitted]
[info] +  functions: required API cloudbuild.googleapis.com is enabled 
[debug] [2023-06-27T18:14:02.591Z] <<< [apiv2][status] GET https://serviceusage.googleapis.com/v1/projects/coffeshopserver/services/cloudfunctions.googleapis.com 200
[debug] [2023-06-27T18:14:02.591Z] <<< [apiv2][body] GET https://serviceusage.googleapis.com/v1/projects/coffeshopserver/services/cloudfunctions.googleapis.com [omitted]
[info] +  functions: required API cloudfunctions.googleapis.com is enabled 
[debug] [2023-06-27T18:14:02.593Z] >>> [apiv2][query] GET https://firebase.googleapis.com/v1beta1/projects/coffeshopserver/adminSdkConfig [none]
[debug] [2023-06-27T18:14:02.984Z] <<< [apiv2][status] GET https://firebase.googleapis.com/v1beta1/projects/coffeshopserver/adminSdkConfig 200
[debug] [2023-06-27T18:14:02.984Z] <<< [apiv2][body] GET https://firebase.googleapis.com/v1beta1/projects/coffeshopserver/adminSdkConfig {"projectId":"coffeshopserver","storageBucket":"coffeshopserver.appspot.com"}
[debug] [2023-06-27T18:14:02.985Z] >>> [apiv2][query] GET https://runtimeconfig.googleapis.com/v1beta1/projects/coffeshopserver/configs [none]
[debug] [2023-06-27T18:14:03.864Z] <<< [apiv2][status] GET https://runtimeconfig.googleapis.com/v1beta1/projects/coffeshopserver/configs 200
[debug] [2023-06-27T18:14:03.864Z] <<< [apiv2][body] GET https://runtimeconfig.googleapis.com/v1beta1/projects/coffeshopserver/configs {}
[debug] [2023-06-27T18:14:03.866Z] Validating nodejs source
[debug] [2023-06-27T18:14:06.440Z] > [functions] package.json contents: {
  "name": "warehouse",
  "version": "1.0.0",
  "description": "store away data",
  "main": "server.js",
  "dependencies": {
    "bcrypt": "^5.1.0",
    "body-parser": "^1.20.2",
    "colors": "^1.4.0",
    "cors": "^2.8.5",
    "dotenv": "^16.0.3",
    "express": "^4.18.2",
    "express-async-handler": "^1.2.0",
    "express-validator": "^6.14.3",
    "firebase-admin": "^11.9.0",
    "firebase-functions": "^4.4.1",
    "micro": "^10.0.1",
    "mongoose": "^6.8.4",
    "mongoose-bcrypt": "^1.10.1",
    "nanoid": "^4.0.1",
    "nodemon": "^2.0.20",
    "raw-body": "^2.5.2",
    "stripe": "^11.15.0",
    "uuid": "^9.0.0"
  },
  "engines": {
    "node": "18"
  },
  "scripts": {
    "start": "node backend/server.js",
    "server": "nodemon backend/server.js",
    "deploy": "firebase deploy --only functions"
  },
  "author": "",
  "license": "ISC"
}
[debug] [2023-06-27T18:14:06.440Z] Building nodejs source
[debug] [2023-06-27T18:14:06.441Z] Could not find functions.yaml. Must use http discovery
[debug] [2023-06-27T18:14:06.450Z] Found firebase-functions binary at 'D:\Projekty\React Projects\coffee-shop\server\node_modules\.bin\firebase-functions'
[debug] [2023-06-27T18:14:06.779Z] Serving at port 8096

[debug] [2023-06-27T18:14:08.080Z] FetchError: request to http://localhost:8096/__/quitquitquit failed, reason: connect ECONNREFUSED ::1:8096
    at ClientRequest.<anonymous> (C:\Users\tomas\AppData\Roaming\npm\node_modules\firebase-tools\node_modules\node-fetch\lib\index.js:1505:11)
    at ClientRequest.emit (node:events:513:28)
    at ClientRequest.emit (node:domain:489:12)
    at Socket.socketErrorListener (node:_http_client:502:9)
    at Socket.emit (node:events:513:28)
    at Socket.emit (node:domain:489:12)
    at emitErrorNT (node:internal/streams/destroy:151:8)
    at emitErrorCloseNT (node:internal/streams/destroy:116:3)
    at process.processTicksAndRejections (node:internal/process/task_queues:82:21)
[error] 
[error] Error: An unexpected error has occurred.
[debug] [2023-06-27T18:15:04.309Z] ----------------------------------------------------------------------
[debug] [2023-06-27T18:15:04.312Z] Command:       C:\Program Files\nodejs\node.exe C:\Users\tomas\AppData\Roaming\npm\node_modules\firebase-tools\lib\bin\firebase.js deploy
[debug] [2023-06-27T18:15:04.312Z] CLI Version:   12.4.0
[debug] [2023-06-27T18:15:04.313Z] Platform:      win32
[debug] [2023-06-27T18:15:04.313Z] Node Version:  v18.16.0
[debug] [2023-06-27T18:15:04.314Z] Time:          Tue Jun 27 2023 20:15:04 GMT+0200 (czas środkowoeuropejski letni)
[debug] [2023-06-27T18:15:04.314Z] ----------------------------------------------------------------------
[debug] 
[debug] [2023-06-27T18:15:04.405Z] > command requires scopes: ["email","openid","https://www.googleapis.com/auth/cloudplatformprojects.readonly","https://www.googleapis.com/auth/firebase","https://www.googleapis.com/auth/cloud-platform"]
[debug] [2023-06-27T18:15:04.406Z] > authorizing via signed-in user (szybko872@gmail.com)
[debug] [2023-06-27T18:15:04.406Z] [iam] checking project coffeshopserver for permissions ["cloudfunctions.functions.create","cloudfunctions.functions.delete","cloudfunctions.functions.get","cloudfunctions.functions.list","cloudfunctions.functions.update","cloudfunctions.operations.get","firebase.projects.get"]
[debug] [2023-06-27T18:15:04.409Z] >>> [apiv2][query] POST https://cloudresourcemanager.googleapis.com/v1/projects/coffeshopserver:testIamPermissions [none]
[debug] [2023-06-27T18:15:04.410Z] >>> [apiv2][(partial)header] POST https://cloudresourcemanager.googleapis.com/v1/projects/coffeshopserver:testIamPermissions x-goog-quota-user=projects/coffeshopserver
[debug] [2023-06-27T18:15:04.410Z] >>> [apiv2][body] POST https://cloudresourcemanager.googleapis.com/v1/projects/coffeshopserver:testIamPermissions {"permissions":["cloudfunctions.functions.create","cloudfunctions.functions.delete","cloudfunctions.functions.get","cloudfunctions.functions.list","cloudfunctions.functions.update","cloudfunctions.operations.get","firebase.projects.get"]}
[debug] [2023-06-27T18:15:05.290Z] <<< [apiv2][status] POST https://cloudresourcemanager.googleapis.com/v1/projects/coffeshopserver:testIamPermissions 200
[debug] [2023-06-27T18:15:05.290Z] <<< [apiv2][body] POST https://cloudresourcemanager.googleapis.com/v1/projects/coffeshopserver:testIamPermissions {"permissions":["cloudfunctions.functions.create","cloudfunctions.functions.delete","cloudfunctions.functions.get","cloudfunctions.functions.list","cloudfunctions.functions.update","cloudfunctions.operations.get","firebase.projects.get"]}
[debug] [2023-06-27T18:15:05.291Z] >>> [apiv2][query] POST https://iam.googleapis.com/v1/projects/coffeshopserver/serviceAccounts/coffeshopserver@appspot.gserviceaccount.com:testIamPermissions [none]
[debug] [2023-06-27T18:15:05.291Z] >>> [apiv2][body] POST https://iam.googleapis.com/v1/projects/coffeshopserver/serviceAccounts/coffeshopserver@appspot.gserviceaccount.com:testIamPermissions {"permissions":["iam.serviceAccounts.actAs"]}
[debug] [2023-06-27T18:15:06.686Z] <<< [apiv2][status] POST https://iam.googleapis.com/v1/projects/coffeshopserver/serviceAccounts/coffeshopserver@appspot.gserviceaccount.com:testIamPermissions 200
[debug] [2023-06-27T18:15:06.686Z] <<< [apiv2][body] POST https://iam.googleapis.com/v1/projects/coffeshopserver/serviceAccounts/coffeshopserver@appspot.gserviceaccount.com:testIamPermissions {"permissions":["iam.serviceAccounts.actAs"]}
[info] 
[info] === Deploying to 'coffeshopserver'...
[info] 
[info] i  deploying functions 
[debug] [2023-06-27T18:15:06.691Z] >>> [apiv2][query] GET https://firebase.googleapis.com/v1beta1/projects/coffeshopserver [none]
[debug] [2023-06-27T18:15:06.990Z] <<< [apiv2][status] GET https://firebase.googleapis.com/v1beta1/projects/coffeshopserver 200
[debug] [2023-06-27T18:15:06.990Z] <<< [apiv2][body] GET https://firebase.googleapis.com/v1beta1/projects/coffeshopserver {"projectId":"coffeshopserver","projectNumber":"620954325640","displayName":"coffeShopServer","name":"projects/coffeshopserver","resources":{"hostingSite":"coffeshopserver"},"state":"ACTIVE","etag":"1_80ae0e2e-8403-4841-8e89-69510cfbee2d"}
[info] i  functions: preparing codebase default for deployment 
[info] i  functions: ensuring required API cloudfunctions.googleapis.com is enabled... 
[info] i  functions: ensuring required API cloudbuild.googleapis.com is enabled... 
[info] i  artifactregistry: ensuring required API artifactregistry.googleapis.com is enabled... 
[debug] [2023-06-27T18:15:06.994Z] >>> [apiv2][query] GET https://serviceusage.googleapis.com/v1/projects/coffeshopserver/services/cloudfunctions.googleapis.com [none]
[debug] [2023-06-27T18:15:06.994Z] >>> [apiv2][(partial)header] GET https://serviceusage.googleapis.com/v1/projects/coffeshopserver/services/cloudfunctions.googleapis.com x-goog-quota-user=projects/coffeshopserver
[debug] [2023-06-27T18:15:06.996Z] >>> [apiv2][query] GET https://serviceusage.googleapis.com/v1/projects/coffeshopserver/services/runtimeconfig.googleapis.com [none]
[debug] [2023-06-27T18:15:06.996Z] >>> [apiv2][(partial)header] GET https://serviceusage.googleapis.com/v1/projects/coffeshopserver/services/runtimeconfig.googleapis.com x-goog-quota-user=projects/coffeshopserver
[debug] [2023-06-27T18:15:06.998Z] >>> [apiv2][query] GET https://serviceusage.googleapis.com/v1/projects/coffeshopserver/services/cloudbuild.googleapis.com [none]
[debug] [2023-06-27T18:15:06.998Z] >>> [apiv2][(partial)header] GET https://serviceusage.googleapis.com/v1/projects/coffeshopserver/services/cloudbuild.googleapis.com x-goog-quota-user=projects/coffeshopserver
[debug] [2023-06-27T18:15:06.999Z] >>> [apiv2][query] GET https://serviceusage.googleapis.com/v1/projects/coffeshopserver/services/artifactregistry.googleapis.com [none]
[debug] [2023-06-27T18:15:06.999Z] >>> [apiv2][(partial)header] GET https://serviceusage.googleapis.com/v1/projects/coffeshopserver/services/artifactregistry.googleapis.com x-goog-quota-user=projects/coffeshopserver
[debug] [2023-06-27T18:15:07.926Z] <<< [apiv2][status] GET https://serviceusage.googleapis.com/v1/projects/coffeshopserver/services/cloudbuild.googleapis.com 200
[debug] [2023-06-27T18:15:07.926Z] <<< [apiv2][body] GET https://serviceusage.googleapis.com/v1/projects/coffeshopserver/services/cloudbuild.googleapis.com [omitted]
[info] +  functions: required API cloudbuild.googleapis.com is enabled 
[debug] [2023-06-27T18:15:07.964Z] <<< [apiv2][status] GET https://serviceusage.googleapis.com/v1/projects/coffeshopserver/services/runtimeconfig.googleapis.com 200
[debug] [2023-06-27T18:15:07.964Z] <<< [apiv2][body] GET https://serviceusage.googleapis.com/v1/projects/coffeshopserver/services/runtimeconfig.googleapis.com [omitted]
[debug] [2023-06-27T18:15:08.142Z] <<< [apiv2][status] GET https://serviceusage.googleapis.com/v1/projects/coffeshopserver/services/cloudfunctions.googleapis.com 200
[debug] [2023-06-27T18:15:08.143Z] <<< [apiv2][body] GET https://serviceusage.googleapis.com/v1/projects/coffeshopserver/services/cloudfunctions.googleapis.com [omitted]
[info] +  functions: required API cloudfunctions.googleapis.com is enabled 
[debug] [2023-06-27T18:15:08.256Z] <<< [apiv2][status] GET https://serviceusage.googleapis.com/v1/projects/coffeshopserver/services/artifactregistry.googleapis.com 200
[debug] [2023-06-27T18:15:08.256Z] <<< [apiv2][body] GET https://serviceusage.googleapis.com/v1/projects/coffeshopserver/services/artifactregistry.googleapis.com [omitted]
[info] +  artifactregistry: required API artifactregistry.googleapis.com is enabled 
[debug] [2023-06-27T18:15:08.257Z] >>> [apiv2][query] GET https://firebase.googleapis.com/v1beta1/projects/coffeshopserver/adminSdkConfig [none]
[debug] [2023-06-27T18:15:08.552Z] <<< [apiv2][status] GET https://firebase.googleapis.com/v1beta1/projects/coffeshopserver/adminSdkConfig 200
[debug] [2023-06-27T18:15:08.552Z] <<< [apiv2][body] GET https://firebase.googleapis.com/v1beta1/projects/coffeshopserver/adminSdkConfig {"projectId":"coffeshopserver","storageBucket":"coffeshopserver.appspot.com"}
[debug] [2023-06-27T18:15:08.552Z] >>> [apiv2][query] GET https://runtimeconfig.googleapis.com/v1beta1/projects/coffeshopserver/configs [none]
[debug] [2023-06-27T18:15:08.778Z] <<< [apiv2][status] GET https://runtimeconfig.googleapis.com/v1beta1/projects/coffeshopserver/configs 200
[debug] [2023-06-27T18:15:08.779Z] <<< [apiv2][body] GET https://runtimeconfig.googleapis.com/v1beta1/projects/coffeshopserver/configs {}
[debug] [2023-06-27T18:15:08.780Z] Validating nodejs source
[debug] [2023-06-27T18:15:10.977Z] > [functions] package.json contents: {
  "name": "warehouse",
  "version": "1.0.0",
  "description": "store away data",
  "main": "server.js",
  "dependencies": {
    "bcrypt": "^5.1.0",
    "body-parser": "^1.20.2",
    "colors": "^1.4.0",
    "cors": "^2.8.5",
    "dotenv": "^16.0.3",
    "express": "^4.18.2",
    "express-async-handler": "^1.2.0",
    "express-validator": "^6.14.3",
    "firebase-admin": "^11.9.0",
    "firebase-functions": "^4.4.1",
    "micro": "^10.0.1",
    "mongoose": "^6.8.4",
    "mongoose-bcrypt": "^1.10.1",
    "nanoid": "^4.0.1",
    "nodemon": "^2.0.20",
    "raw-body": "^2.5.2",
    "stripe": "^11.15.0",
    "uuid": "^9.0.0"
  },
  "engines": {
    "node": "18"
  },
  "scripts": {
    "start": "node backend/server.js",
    "server": "nodemon backend/server.js",
    "deploy": "firebase deploy --only functions"
  },
  "author": "",
  "license": "ISC"
}
[debug] [2023-06-27T18:15:10.978Z] Building nodejs source
[debug] [2023-06-27T18:15:10.979Z] Could not find functions.yaml. Must use http discovery
[debug] [2023-06-27T18:15:10.988Z] Found firebase-functions binary at 'D:\Projekty\React Projects\coffee-shop\server\node_modules\.bin\firebase-functions'
[debug] [2023-06-27T18:15:11.260Z] Serving at port 8741

[debug] [2023-06-27T18:15:12.384Z] FetchError: request to http://localhost:8741/__/quitquitquit failed, reason: connect ECONNREFUSED ::1:8741
    at ClientRequest.<anonymous> (C:\Users\tomas\AppData\Roaming\npm\node_modules\firebase-tools\node_modules\node-fetch\lib\index.js:1505:11)
    at ClientRequest.emit (node:events:513:28)
    at ClientRequest.emit (node:domain:489:12)
    at Socket.socketErrorListener (node:_http_client:502:9)
    at Socket.emit (node:events:513:28)
    at Socket.emit (node:domain:489:12)
    at emitErrorNT (node:internal/streams/destroy:151:8)
    at emitErrorCloseNT (node:internal/streams/destroy:116:3)
    at process.processTicksAndRejections (node:internal/process/task_queues:82:21)
[error] 
[error] Error: An unexpected error has occurred.
